c:\users\anton\documents\github_projs\a2bcalc\a2bcalc\x64\debug\vc143.pdb
c:\users\anton\documents\github_projs\a2bcalc\a2bcalc\x64\debug\vc143.idb
c:\users\anton\documents\github_projs\a2bcalc\a2bcalc\x64\debug\main.obj
c:\users\anton\documents\github_projs\a2bcalc\a2bcalc\x64\debug\imgui_stdlib.obj
c:\users\anton\documents\github_projs\a2bcalc\a2bcalc\x64\debug\imgui_widgets.obj
c:\users\anton\documents\github_projs\a2bcalc\a2bcalc\x64\debug\imgui_tables.obj
c:\users\anton\documents\github_projs\a2bcalc\a2bcalc\x64\debug\imgui_draw.obj
c:\users\anton\documents\github_projs\a2bcalc\a2bcalc\x64\debug\imgui_demo.obj
c:\users\anton\documents\github_projs\a2bcalc\a2bcalc\x64\debug\imgui.obj
c:\users\anton\documents\github_projs\a2bcalc\a2bcalc\x64\debug\imgui_impl_opengl3.obj
c:\users\anton\documents\github_projs\a2bcalc\a2bcalc\x64\debug\imgui_impl_glfw.obj
c:\users\anton\documents\github_projs\a2bcalc\a2bcalc\x64\debug\a2bcalc.ilk
c:\users\anton\documents\github_projs\a2bcalc\x64\debug\a2bcalc.exe
c:\users\anton\documents\github_projs\a2bcalc\x64\debug\a2bcalc.pdb
c:\users\anton\documents\github_projs\a2bcalc\a2bcalc\x64\debug\a2bcalc.tlog\cl.command.1.tlog
c:\users\anton\documents\github_projs\a2bcalc\a2bcalc\x64\debug\a2bcalc.tlog\cl.items.tlog
c:\users\anton\documents\github_projs\a2bcalc\a2bcalc\x64\debug\a2bcalc.tlog\cl.read.1.tlog
c:\users\anton\documents\github_projs\a2bcalc\a2bcalc\x64\debug\a2bcalc.tlog\cl.write.1.tlog
c:\users\anton\documents\github_projs\a2bcalc\a2bcalc\x64\debug\a2bcalc.tlog\link.command.1.tlog
c:\users\anton\documents\github_projs\a2bcalc\a2bcalc\x64\debug\a2bcalc.tlog\link.read.1.tlog
c:\users\anton\documents\github_projs\a2bcalc\a2bcalc\x64\debug\a2bcalc.tlog\link.write.1.tlog
